{
  "RSpec": {
    "coverage": {
      "/Users/dyf/Dropbox/cs169/SyncUp_backend/app/models/activity.rb": [
        1,
        null,
        null,
        null,
        null,
        1,
        1,
        null,
        1,
        null,
        null,
        null,
        null,
        null,
        null,
        null,
        null,
        null,
        null,
        null,
        null,
        null,
        1,
        7,
        7,
        7,
        4,
        null,
        null,
        3,
        3,
        1,
        null,
        2,
        null,
        null,
        null,
        null,
        1,
        null,
        null,
        5,
        5,
        null,
        5,
        5,
        3,
        3,
        2,
        null,
        1,
        null,
        null,
        null,
        null,
        null,
        null,
        null
      ],
      "/Users/dyf/Dropbox/cs169/SyncUp_backend/app/models/attendee.rb": [
        1,
        1,
        1,
        1,
        null,
        null,
        null
      ],
      "/Users/dyf/Dropbox/cs169/SyncUp_backend/app/models/friendship.rb": [
        1,
        null,
        null,
        null,
        null,
        null,
        null,
        null,
        1,
        1,
        null
      ],
      "/Users/dyf/Dropbox/cs169/SyncUp_backend/app/helpers/api/v1/registrations_helper.rb": [
        1,
        null
      ],
      "/Users/dyf/Dropbox/cs169/SyncUp_backend/app/helpers/api/v1/sessions_helper.rb": [
        1,
        null
      ],
      "/Users/dyf/Dropbox/cs169/SyncUp_backend/app/helpers/api/v1/users_helper.rb": [
        1,
        null
      ],
      "/Users/dyf/Dropbox/cs169/SyncUp_backend/app/helpers/api/v2/activities_helper.rb": [
        1,
        null
      ],
      "/Users/dyf/Dropbox/cs169/SyncUp_backend/app/helpers/api/v2/friendships_helper.rb": [
        1,
        null
      ],
      "/Users/dyf/Dropbox/cs169/SyncUp_backend/app/helpers/api/v2/registrations_helper.rb": [
        1,
        null
      ],
      "/Users/dyf/Dropbox/cs169/SyncUp_backend/app/helpers/api/v2/sessions_helper.rb": [
        1,
        null
      ],
      "/Users/dyf/Dropbox/cs169/SyncUp_backend/app/helpers/api/v2/users_helper.rb": [
        1,
        null
      ],
      "/Users/dyf/Dropbox/cs169/SyncUp_backend/app/helpers/application_helper.rb": [
        1,
        null
      ],
      "/Users/dyf/Dropbox/cs169/SyncUp_backend/app/helpers/home_helper.rb": [
        1,
        null
      ],
      "/Users/dyf/Dropbox/cs169/SyncUp_backend/app/controllers/activities_controller.rb": [
        1,
        null,
        1,
        2,
        2,
        2,
        null,
        2,
        2,
        1,
        null,
        1,
        null,
        null,
        null,
        null,
        1,
        3,
        3,
        3,
        3,
        3,
        4,
        null,
        3,
        null,
        null,
        null,
        null,
        1,
        3,
        3,
        3,
        3,
        3,
        5,
        null,
        3,
        null,
        null,
        1,
        3,
        3,
        3,
        3,
        null,
        3,
        1,
        null,
        null,
        2,
        0,
        null,
        null,
        2,
        null,
        2,
        1,
        1,
        1,
        1,
        1,
        null,
        0,
        null,
        null,
        0,
        null,
        null,
        null,
        1,
        null,
        null,
        null,
        null,
        1,
        3,
        3,
        3,
        2,
        2,
        1,
        null,
        1,
        null,
        null,
        1,
        null,
        null,
        null,
        null,
        1,
        3,
        3,
        3,
        1,
        null,
        null,
        2,
        2,
        2,
        1,
        1,
        1,
        null,
        1,
        1,
        1,
        null,
        null,
        0,
        null,
        null,
        null,
        null,
        1,
        2,
        2,
        2,
        1,
        1,
        1,
        1,
        3,
        null,
        1,
        1,
        1,
        null,
        1,
        null,
        null,
        null,
        1,
        2,
        2,
        2,
        1,
        1,
        null,
        1,
        null,
        1,
        null,
        null,
        null,
        null,
        null,
        1,
        2,
        2,
        2,
        3,
        null,
        null,
        2,
        2,
        2,
        2,
        4,
        4,
        null,
        null,
        2,
        null,
        null,
        null,
        null,
        1,
        1,
        1,
        1,
        2,
        null,
        null,
        1,
        1,
        1,
        1,
        3,
        3,
        null,
        null,
        1,
        null,
        null,
        null,
        null,
        1,
        1,
        1,
        1,
        1,
        1,
        1,
        null,
        null,
        1,
        null,
        null,
        1,
        2,
        2,
        2,
        2,
        1,
        null,
        1,
        1,
        1,
        null,
        null,
        null,
        0,
        null,
        null,
        null,
        null,
        null,
        1,
        2,
        2,
        2,
        2,
        2,
        2,
        1,
        null,
        null,
        2,
        null,
        null,
        1,
        null,
        null,
        null,
        1,
        null,
        null,
        null,
        1,
        19,
        19,
        0,
        0,
        0,
        null,
        19,
        null,
        null,
        null,
        1,
        2,
        2,
        2,
        2,
        2,
        0,
        null,
        2,
        1,
        1,
        1,
        1,
        null,
        1,
        null,
        1,
        1,
        1,
        0,
        null,
        1,
        1,
        null,
        null,
        null,
        null,
        null,
        null,
        null,
        null,
        null
      ],
      "/Users/dyf/Dropbox/cs169/SyncUp_backend/app/controllers/application_controller.rb": [
        1,
        null,
        null,
        null,
        1,
        null,
        1,
        null,
        null,
        null,
        51,
        null,
        null,
        null,
        null,
        null,
        null,
        null,
        null,
        1,
        1,
        53,
        53,
        null,
        null,
        null,
        null,
        53,
        53,
        null,
        0,
        null,
        null,
        null,
        null
      ],
      "/Users/dyf/Dropbox/cs169/SyncUp_backend/app/controllers/friendships_controller.rb": [
        1,
        null,
        1,
        null,
        1,
        3,
        3,
        3,
        1,
        null,
        null,
        2,
        2,
        2,
        null,
        1,
        1,
        1,
        null,
        1,
        1,
        null,
        0,
        null,
        null,
        null,
        1,
        null,
        null,
        null,
        null,
        1,
        3,
        3,
        null,
        3,
        null,
        3,
        3,
        null,
        3,
        null,
        2,
        1,
        1,
        1,
        1,
        1,
        null,
        null,
        1,
        1,
        1,
        1,
        null,
        0,
        null,
        null,
        null,
        null,
        1,
        null,
        null,
        null,
        null,
        1,
        4,
        4,
        4,
        4,
        4,
        4,
        4,
        null,
        null,
        null,
        1,
        1,
        1,
        1,
        1,
        1,
        1,
        1,
        1,
        1,
        null,
        0,
        null,
        null,
        null,
        null,
        1,
        1,
        1,
        1,
        null,
        null,
        null,
        1,
        1,
        1,
        1,
        null,
        null,
        null
      ],
      "/Users/dyf/Dropbox/cs169/SyncUp_backend/app/controllers/users_controller.rb": [
        1,
        null,
        1,
        1,
        null,
        null,
        1,
        6,
        null,
        6,
        6,
        1,
        null,
        null,
        null,
        null,
        null,
        1,
        null,
        null,
        null,
        null,
        5,
        null,
        null,
        null,
        null,
        1,
        2,
        2,
        2,
        2,
        7,
        2,
        null,
        0,
        null,
        null,
        null,
        null,
        1,
        3,
        null,
        3,
        0,
        null,
        3,
        null,
        null,
        1,
        1,
        1,
        1,
        null,
        null,
        1,
        3,
        3,
        2,
        2,
        1,
        null,
        1,
        null,
        null,
        1,
        null,
        null,
        null,
        null,
        null,
        null,
        null,
        null,
        null,
        null,
        null,
        null,
        null,
        null,
        null,
        null,
        null,
        null,
        null,
        null,
        null,
        null,
        null,
        null,
        null,
        null
      ]
    },
    "timestamp": 1399072150
  }
}
